{
  "RSpec": {
    "coverage": {
      "/rails_app/spec/feature/integration_spec.rb": {
        "lines": [
          null,
          1,
          null,
          0,
          0,
          0,
          0,
          0,
          0,
          0,
          null,
          null
        ]
      },
      "/rails_app/spec/rails_helper.rb": {
        "lines": [
          null,
          1,
          1,
          1,
          null,
          0,
          0,
          null,
          null,
          null,
          null,
          null,
          null,
          null,
          null,
          null,
          null,
          null,
          null,
          null,
          null,
          null,
          null,
          null,
          null,
          null,
          null,
          0,
          null,
          0,
          0,
          null,
          0,
          null,
          0,
          null,
          null,
          null,
          null,
          0,
          null,
          null,
          null,
          null,
          null,
          null,
          null,
          null,
          null,
          null,
          null,
          null,
          null,
          null,
          null,
          null,
          null,
          0,
          null,
          null,
          0,
          null,
          null,
          null
        ]
      },
      "/rails_app/config/environment.rb": {
        "lines": [
          null,
          1,
          null,
          null,
          0
        ]
      },
      "/rails_app/config/application.rb": {
        "lines": [
          1,
          null,
          0,
          null,
          null,
          null,
          0,
          null,
          0,
          0,
          null,
          0,
          0,
          null,
          null,
          null,
          null,
          null,
          null,
          null,
          null,
          null,
          null
        ]
      },
      "/rails_app/config/boot.rb": {
        "lines": [
          1,
          null,
          1,
          0
        ]
      }
    },
    "timestamp": 1668488107
  }
}
